Start testing: Dec 04 20:23 +01
----------------------------------------------------------
1/5 Testing: MLX42.Window.Basic
1/5 Test: MLX42.Window.Basic
Command: "/home/ebelfkih/Desktop/MLX42/build/unit_tests" "--gtest_filter=Window.Basic" "--gtest_also_run_disabled_tests"
Directory: /home/ebelfkih/Desktop/MLX42/tests
"MLX42.Window.Basic" start time: Dec 04 20:23 +01
Output:
----------------------------------------------------------
Running main() from /home/ebelfkih/Desktop/MLX42/build/_deps/googletest-src/googletest/src/gtest_main.cc
Note: Google Test filter = Window.Basic
[==========] Running 1 test from 1 test suite.
[----------] Global test environment set-up.
[----------] 1 test from Window
[ RUN      ] Window.Basic
[       OK ] Window.Basic (91 ms)
[----------] 1 test from Window (91 ms total)

[----------] Global test environment tear-down
[==========] 1 test from 1 test suite ran. (91 ms total)
[  PASSED  ] 1 test.
<end of output>
Test time =   0.10 sec
----------------------------------------------------------
Test Passed.
"MLX42.Window.Basic" end time: Dec 04 20:23 +01
"MLX42.Window.Basic" time elapsed: 00:00:00
----------------------------------------------------------

2/5 Testing: MLX42.Window.SingleImage
2/5 Test: MLX42.Window.SingleImage
Command: "/home/ebelfkih/Desktop/MLX42/build/unit_tests" "--gtest_filter=Window.SingleImage" "--gtest_also_run_disabled_tests"
Directory: /home/ebelfkih/Desktop/MLX42/tests
"MLX42.Window.SingleImage" start time: Dec 04 20:23 +01
Output:
----------------------------------------------------------
Running main() from /home/ebelfkih/Desktop/MLX42/build/_deps/googletest-src/googletest/src/gtest_main.cc
Note: Google Test filter = Window.SingleImage
[==========] Running 1 test from 1 test suite.
[----------] Global test environment set-up.
[----------] 1 test from Window
[ RUN      ] Window.SingleImage
[       OK ] Window.SingleImage (82 ms)
[----------] 1 test from Window (82 ms total)

[----------] Global test environment tear-down
[==========] 1 test from 1 test suite ran. (82 ms total)
[  PASSED  ] 1 test.
<end of output>
Test time =   0.09 sec
----------------------------------------------------------
Test Passed.
"MLX42.Window.SingleImage" end time: Dec 04 20:23 +01
"MLX42.Window.SingleImage" time elapsed: 00:00:00
----------------------------------------------------------

3/5 Testing: MLX42.Window.MultipleImages
3/5 Test: MLX42.Window.MultipleImages
Command: "/home/ebelfkih/Desktop/MLX42/build/unit_tests" "--gtest_filter=Window.MultipleImages" "--gtest_also_run_disabled_tests"
Directory: /home/ebelfkih/Desktop/MLX42/tests
"MLX42.Window.MultipleImages" start time: Dec 04 20:23 +01
Output:
----------------------------------------------------------
Running main() from /home/ebelfkih/Desktop/MLX42/build/_deps/googletest-src/googletest/src/gtest_main.cc
Note: Google Test filter = Window.MultipleImages
[==========] Running 1 test from 1 test suite.
[----------] Global test environment set-up.
[----------] 1 test from Window
[ RUN      ] Window.MultipleImages
[       OK ] Window.MultipleImages (86 ms)
[----------] 1 test from Window (86 ms total)

[----------] Global test environment tear-down
[==========] 1 test from 1 test suite ran. (86 ms total)
[  PASSED  ] 1 test.
<end of output>
Test time =   0.09 sec
----------------------------------------------------------
Test Passed.
"MLX42.Window.MultipleImages" end time: Dec 04 20:23 +01
"MLX42.Window.MultipleImages" time elapsed: 00:00:00
----------------------------------------------------------

4/5 Testing: MLX42.Window.stringTortureTest
4/5 Test: MLX42.Window.stringTortureTest
Command: "/home/ebelfkih/Desktop/MLX42/build/unit_tests" "--gtest_filter=Window.stringTortureTest" "--gtest_also_run_disabled_tests"
Directory: /home/ebelfkih/Desktop/MLX42/tests
"MLX42.Window.stringTortureTest" start time: Dec 04 20:23 +01
Output:
----------------------------------------------------------
Running main() from /home/ebelfkih/Desktop/MLX42/build/_deps/googletest-src/googletest/src/gtest_main.cc
Note: Google Test filter = Window.stringTortureTest
[==========] Running 1 test from 1 test suite.
[----------] Global test environment set-up.
[----------] 1 test from Window
[ RUN      ] Window.stringTortureTest
[       OK ] Window.stringTortureTest (7339 ms)
[----------] 1 test from Window (7339 ms total)

[----------] Global test environment tear-down
[==========] 1 test from 1 test suite ran. (7339 ms total)
[  PASSED  ] 1 test.
<end of output>
Test time =   7.35 sec
----------------------------------------------------------
Test Passed.
"MLX42.Window.stringTortureTest" end time: Dec 04 20:23 +01
"MLX42.Window.stringTortureTest" time elapsed: 00:00:07
----------------------------------------------------------

5/5 Testing: MLX42.MWindow.Settings
5/5 Test: MLX42.MWindow.Settings
Command: "/home/ebelfkih/Desktop/MLX42/build/unit_tests" "--gtest_filter=MWindow.Settings" "--gtest_also_run_disabled_tests"
Directory: /home/ebelfkih/Desktop/MLX42/tests
"MLX42.MWindow.Settings" start time: Dec 04 20:23 +01
Output:
----------------------------------------------------------
Running main() from /home/ebelfkih/Desktop/MLX42/build/_deps/googletest-src/googletest/src/gtest_main.cc
Note: Google Test filter = MWindow.Settings
[==========] Running 1 test from 1 test suite.
[----------] Global test environment set-up.
[----------] 1 test from MWindow
[ RUN      ] MWindow.Settings
[       OK ] MWindow.Settings (99 ms)
[----------] 1 test from MWindow (99 ms total)

[----------] Global test environment tear-down
[==========] 1 test from 1 test suite ran. (99 ms total)
[  PASSED  ] 1 test.
<end of output>
Test time =   0.11 sec
----------------------------------------------------------
Test Passed.
"MLX42.MWindow.Settings" end time: Dec 04 20:23 +01
"MLX42.MWindow.Settings" time elapsed: 00:00:00
----------------------------------------------------------

End testing: Dec 04 20:23 +01
